#
# There is insufficient memory for the Java Runtime Environment to continue.
# Native memory allocation (malloc) failed to allocate 1048576 bytes for AllocateHeap
# Possible reasons:
#   The system is out of physical RAM or swap space
#   The process is running with CompressedOops enabled, and the Java Heap may be blocking the growth of the native heap
# Possible solutions:
#   Reduce memory load on the system
#   Increase physical memory or swap space
#   Check if swap backing store is full
#   Decrease Java heap size (-Xmx/-Xms)
#   Decrease number of Java threads
#   Decrease Java thread stack sizes (-Xss)
#   Set larger code cache with -XX:ReservedCodeCacheSize=
#   JVM is running with Zero Based Compressed Oops mode in which the Java heap is
#     placed in the first 32GB address space. The Java Heap base address is the
#     maximum limit for the native heap growth. Please use -XX:HeapBaseMinAddress
#     to set the Java Heap base and to place the Java Heap above 32GB virtual address.
# This output file may be truncated or incomplete.
#
#  Out of Memory Error (allocation.cpp:44), pid=10000, tid=17908
#
# JRE version:  (17.0.6+10) (build )
# Java VM: OpenJDK 64-Bit Server VM (17.0.6+10-b829.5, mixed mode, sharing, tiered, compressed oops, compressed class ptrs, g1 gc, windows-amd64)
# No core dump will be written. Minidumps are not enabled by default on client versions of Windows
#

---------------  S U M M A R Y ------------

Command Line: git4idea.http.GitAskPassApp Username for 'https://github.com': 

Host: 11th Gen Intel(R) Core(TM) i9-11900K @ 3.50GHz, 16 cores, 31G,  Windows 11 , 64 bit Build 22621 (10.0.22621.1778)
Time: Sun Jun 25 19:07:38 2023 Hora oficial do Brasil elapsed time: 0.006705 seconds (0d 0h 0m 0s)

---------------  T H R E A D  ---------------

Current thread (0x000002504269e1e0):  JavaThread "Unknown thread" [_thread_in_vm, id=17908, stack(0x00000095dad00000,0x00000095dae00000)]

Stack: [0x00000095dad00000,0x00000095dae00000]
Native frames: (J=compiled Java code, j=interpreted, Vv=VM code, C=native code)
V  [jvm.dll+0x683b4a]
V  [jvm.dll+0x842654]
V  [jvm.dll+0x843dfe]
V  [jvm.dll+0x844463]
V  [jvm.dll+0x249b75]
V  [jvm.dll+0xa641f]
V  [jvm.dll+0x2e8e27]
V  [jvm.dll+0x2e0b3b]
V  [jvm.dll+0x813f41]
V  [jvm.dll+0x36e6a1]
V  [jvm.dll+0x7f347c]
V  [jvm.dll+0x3f0e8f]
V  [jvm.dll+0x3f29d1]
C  [jli.dll+0x526b]
C  [ucrtbase.dll+0x29363]
C  [KERNEL32.DLL+0x126ad]
C  [ntdll.dll+0x5a9f8]


---------------  P R O C E S S  ---------------

Threads class SMR info:
_java_thread_list=0x00007ff9c97ec058, length=0, elements={
}

Java Threads: ( => current thread )

Other Threads:
  0x000002504274d2e0 GCTaskThread "GC Thread#0" [stack: 0x00000095dae00000,0x00000095daf00000] [id=14488]

[error occurred during error reporting (printing all threads), id 0xc0000005, EXCEPTION_ACCESS_VIOLATION (0xc0000005) at pc=0x00007ff9c8f9dd70]

VM state: not at safepoint (not fully initialized)

VM Mutex/Monitor currently owned by a thread:  ([mutex/lock_event])
[0x000002504269a070] Heap_lock - owner thread: 0x000002504269e1e0

Heap address: 0x0000000602400000, size: 8156 MB, Compressed Oops mode: Zero based, Oop shift amount: 3

CDS archive(s) mapped at: [0x0000000000000000-0x0000000000000000-0x0000000000000000), size 0, SharedBaseAddress: 0x0000000800000000, ArchiveRelocationMode: 0.
Narrow klass base: 0x0000000000000000, Narrow klass shift: 0, Narrow klass range: 0x0

GC Precious Log:
<Empty>

Heap:
 garbage-first heap   total 0K, used 0K [0x0000000602400000, 0x0000000800000000)
  region size 4096K, 0 young (0K), 0 survivors (0K)

[error occurred during error reporting (printing heap information), id 0xc0000005, EXCEPTION_ACCESS_VIOLATION (0xc0000005) at pc=0x00007ff9c938d939]

GC Heap History (0 events):
No events

Dll operation events (1 events):
Event: 0.004 Loaded shared library C:\Program Files\JetBrains\PhpStorm 2023.1\jbr\bin\java.dll

Deoptimization events (0 events):
No events

Classes unloaded (0 events):
No events

Classes redefined (0 events):
No events

Internal exceptions (0 events):
No events

VM Operations (0 events):
No events

Events (0 events):
No events


Dynamic libraries:
0x00007ff76a5e0000 - 0x00007ff76a5ea000 	C:\Program Files\JetBrains\PhpStorm 2023.1\jbr\bin\java.exe
0x00007ffa29530000 - 0x00007ffa29744000 	C:\WINDOWS\SYSTEM32\ntdll.dll
0x00007ffa28330000 - 0x00007ffa283f2000 	C:\WINDOWS\System32\KERNEL32.DLL
0x00007ffa26b10000 - 0x00007ffa26eb3000 	C:\WINDOWS\System32\KERNELBASE.dll
0x00007ffa26ef0000 - 0x00007ffa27001000 	C:\WINDOWS\System32\ucrtbase.dll
0x00007ffa1c470000 - 0x00007ffa1c487000 	C:\Program Files\JetBrains\PhpStorm 2023.1\jbr\bin\jli.dll
0x00007ffa27f90000 - 0x00007ffa2813b000 	C:\WINDOWS\System32\USER32.dll
0x00007ffa26ec0000 - 0x00007ffa26ee6000 	C:\WINDOWS\System32\win32u.dll
0x00007ffa28180000 - 0x00007ffa281a9000 	C:\WINDOWS\System32\GDI32.dll
0x00007ffa151a0000 - 0x00007ffa1542e000 	C:\WINDOWS\WinSxS\amd64_microsoft.windows.common-controls_6595b64144ccf1df_6.0.22621.1635_none_270f70857386168e\COMCTL32.dll
0x00007ffa270b0000 - 0x00007ffa271c9000 	C:\WINDOWS\System32\gdi32full.dll
0x00007ffa28630000 - 0x00007ffa286d7000 	C:\WINDOWS\System32\msvcrt.dll
0x00007ffa0eb50000 - 0x00007ffa0eb6b000 	C:\Program Files\JetBrains\PhpStorm 2023.1\jbr\bin\VCRUNTIME140.dll
0x00007ffa27010000 - 0x00007ffa270aa000 	C:\WINDOWS\System32\msvcp_win.dll
0x00007ffa28140000 - 0x00007ffa28171000 	C:\WINDOWS\System32\IMM32.DLL
0x00007ffa16ce0000 - 0x00007ffa16cec000 	C:\Program Files\JetBrains\PhpStorm 2023.1\jbr\bin\vcruntime140_1.dll
0x00007ff9fc1f0000 - 0x00007ff9fc27d000 	C:\Program Files\JetBrains\PhpStorm 2023.1\jbr\bin\msvcp140.dll
0x00007ff9c8cb0000 - 0x00007ff9c991d000 	C:\Program Files\JetBrains\PhpStorm 2023.1\jbr\bin\server\jvm.dll
0x00007ffa286e0000 - 0x00007ffa2878e000 	C:\WINDOWS\System32\ADVAPI32.dll
0x00007ffa27ee0000 - 0x00007ffa27f84000 	C:\WINDOWS\System32\sechost.dll
0x00007ffa281b0000 - 0x00007ffa282c7000 	C:\WINDOWS\System32\RPCRT4.dll
0x00007ffa0fe50000 - 0x00007ffa0fe59000 	C:\WINDOWS\SYSTEM32\WSOCK32.dll
0x00007ffa20a80000 - 0x00007ffa20ab4000 	C:\WINDOWS\SYSTEM32\WINMM.dll
0x00007ffa20920000 - 0x00007ffa2092a000 	C:\WINDOWS\SYSTEM32\VERSION.dll
0x00007ffa28580000 - 0x00007ffa285f1000 	C:\WINDOWS\System32\WS2_32.dll
0x00007ffa259e0000 - 0x00007ffa259f8000 	C:\WINDOWS\SYSTEM32\kernel.appcore.dll
0x00007ffa21d80000 - 0x00007ffa21d8a000 	C:\Program Files\JetBrains\PhpStorm 2023.1\jbr\bin\jimage.dll
0x00007ffa1f750000 - 0x00007ffa1f97e000 	C:\WINDOWS\SYSTEM32\DBGHELP.DLL
0x00007ffa29160000 - 0x00007ffa294e9000 	C:\WINDOWS\System32\combase.dll
0x00007ffa27e00000 - 0x00007ffa27ed7000 	C:\WINDOWS\System32\OLEAUT32.dll
0x00007ffa1f2e0000 - 0x00007ffa1f312000 	C:\WINDOWS\SYSTEM32\dbgcore.DLL
0x00007ffa271d0000 - 0x00007ffa2724b000 	C:\WINDOWS\System32\bcryptPrimitives.dll
0x00007ffa1e220000 - 0x00007ffa1e245000 	C:\Program Files\JetBrains\PhpStorm 2023.1\jbr\bin\java.dll

dbghelp: loaded successfully - version: 4.0.5 - missing functions: none
symbol engine: initialized successfully - sym options: 0x614 - pdb path: .;C:\Program Files\JetBrains\PhpStorm 2023.1\jbr\bin;C:\WINDOWS\SYSTEM32;C:\WINDOWS\WinSxS\amd64_microsoft.windows.common-controls_6595b64144ccf1df_6.0.22621.1635_none_270f70857386168e;C:\Program Files\JetBrains\PhpStorm 2023.1\jbr\bin\server

VM Arguments:
java_command: git4idea.http.GitAskPassApp Username for 'https://github.com': 
java_class_path (initial): C:/Program Files/JetBrains/PhpStorm 2023.1/plugins/vcs-git/lib/git4idea-rt.jar;C:/Program Files/JetBrains/PhpStorm 2023.1/lib/externalProcess-rt.jar
Launcher Type: SUN_STANDARD

[Global flags]
     intx CICompilerCount                          = 12                                        {product} {ergonomic}
     uint ConcGCThreads                            = 3                                         {product} {ergonomic}
     uint G1ConcRefinementThreads                  = 13                                        {product} {ergonomic}
   size_t G1HeapRegionSize                         = 4194304                                   {product} {ergonomic}
    uintx GCDrainStackTargetSize                   = 64                                        {product} {ergonomic}
   size_t InitialHeapSize                          = 536870912                                 {product} {ergonomic}
   size_t MarkStackSize                            = 4194304                                   {product} {ergonomic}
   size_t MaxHeapSize                              = 8552185856                                {product} {ergonomic}
   size_t MinHeapDeltaBytes                        = 4194304                                   {product} {ergonomic}
   size_t MinHeapSize                              = 8388608                                   {product} {ergonomic}
    uintx NonNMethodCodeHeapSize                   = 7602480                                {pd product} {ergonomic}
    uintx NonProfiledCodeHeapSize                  = 122027880                              {pd product} {ergonomic}
    uintx ProfiledCodeHeapSize                     = 122027880                              {pd product} {ergonomic}
    uintx ReservedCodeCacheSize                    = 251658240                              {pd product} {ergonomic}
     bool SegmentedCodeCache                       = true                                      {product} {ergonomic}
   size_t SoftMaxHeapSize                          = 8552185856                             {manageable} {ergonomic}
     bool UseCompressedClassPointers               = true                           {product lp64_product} {ergonomic}
     bool UseCompressedOops                        = true                           {product lp64_product} {ergonomic}
     bool UseG1GC                                  = true                                      {product} {ergonomic}
     bool UseLargePagesIndividualAllocation        = false                                  {pd product} {ergonomic}

Logging:
Log output configuration:
 #0: stdout all=warning uptime,level,tags
 #1: stderr all=off uptime,level,tags

Environment Variables:
PATH=C:\Program Files\Git\mingw64\libexec\git-core;C:\Program Files\Git\mingw64\libexec\git-core;C:\Program Files\Git\mingw64\bin;C:\Program Files\Git\usr\bin;C:\Users\lindo\bin;C:\Program Files (x86)\Common Files\Oracle\Java\javapath;C:\Program Files\OpenSSH;C:\Program Files\NVIDIA GPU Computing Toolkit\CUDA\v11.0\bin;C:\Program Files\NVIDIA GPU Computing Toolkit\CUDA\v11.0\libnvvp;C:\WINDOWS\system32;C:\WINDOWS;C:\WINDOWS\System32\Wbem;C:\WINDOWS\System32\WindowsPowerShell\v1.0;C:\WINDOWS\System32\OpenSSH;C:\Program Files\NVIDIA Corporation\NVIDIA NvDLISR;C:\Program Files (x86)\NVIDIA Corporation\PhysX\Common;C:\ProgramData\ComposerSetup\bin;C:\Program Files\PuTTY;C:\Users\lindo\flutter\bin;C:\Program Files\Docker\Docker\resources\bin;C:\ProgramData\DockerDesktop\version-bin;C:\Program Files\nodejs;C:\Program Files\MySQL\MySQL Utilities 1.6;C:\laragon\bin\php\php-8.1.2-Win32-vs16-x64;C:\laragon\bin\php\php-7.4.28-Win32-vc15-x64;C:\Program Files\CMake\bin;C:\Program Files\NVIDIA Corporation\Nsight Compute 2020.1.1;C:\Program Files\Intel\WiFi\bin;C:\Program Files\Common Files\Intel\WirelessCommon;C:\Program Files\dotnet;C:\phpa;C:\Program Files\Git\cmd;C:\Program Files (x86)\Yarn\bin;C:\WINDOWS\system32;C:\WINDOWS;C:\WINDOWS\System32\Wbem;C:\WINDOWS\System32\WindowsPowerShell\v1.0;C:\WINDOWS\System32\OpenSSH;C:\Program Files (x86)\Common Files\Oracle\Java\javapath;C:\Program Files\OpenSSH;C:\Program Files\NVIDIA GPU Computing Toolkit\CUDA\v11.0\bin;C:\Program Files\NVIDIA GPU Computing Toolkit\CUDA\v11.0\libnvvp;C:\WINDOWS\system32;C:\WINDOWS;C:\WINDOWS\System32\Wbem;C:\WINDOWS\System32\WindowsPowerShell\v1.0;C:\WINDOWS\System32\OpenSSH;C:\Program Files\NVIDIA Corporation\NVIDIA NvDLISR;C:\Program Files (x86)\NVIDIA Corporation\PhysX\Common;C:\ProgramData\ComposerSetup\bin;C:\Program Files\PuTTY;C:\Users\lindo\flutter\bin;C:\Program Files\Docker\Docker\resources\bin;C:\ProgramData\DockerDesktop\version-bin;C:\Program Files\nodejs;C:\Program Files\MySQL\MySQL Utilities 
USERNAME=lindo
DISPLAY=:0.0
LC_ALL=en_US.UTF-8
TERM=xterm-256color
TMPDIR=C:\Users\lindo\AppData\Local\Temp
OS=Windows_NT
PROCESSOR_IDENTIFIER=Intel64 Family 6 Model 167 Stepping 1, GenuineIntel
TMP=C:\Users\lindo\AppData\Local\Temp
TEMP=C:\Users\lindo\AppData\Local\Temp



---------------  S Y S T E M  ---------------

OS:
 Windows 11 , 64 bit Build 22621 (10.0.22621.1778)
OS uptime: 0 days 16:37 hours

CPU: total 16 (initial active 16) (8 cores per cpu, 2 threads per core) family 6 model 167 stepping 1 microcode 0x50, cx8, cmov, fxsr, ht, mmx, 3dnowpref, sse, sse2, sse3, ssse3, sse4.1, sse4.2, popcnt, lzcnt, tsc, tscinvbit, avx, avx2, aes, erms, clmul, bmi1, bmi2, adx, avx512f, avx512dq, avx512cd, avx512bw, avx512vl, sha, fma, vzeroupper, avx512_vpopcntdq, avx512_vpclmulqdq, avx512_vaes, avx512_vnni, clflush, clflushopt, avx512_vbmi2, avx512_vbmi

Memory: 4k page, system-wide physical 32619M (3568M free)
TotalPageFile size 61004M (AvailPageFile size 5M)
current process WorkingSet (physical memory assigned to process): 11M, peak: 11M
current process commit charge ("private bytes"): 57M, peak: 58M

vm_info: OpenJDK 64-Bit Server VM (17.0.6+10-b829.5) for windows-amd64 JRE (17.0.6+10-b829.5), built on 2023-02-24 by "builduser" with MS VC++ 16.10 / 16.11 (VS2019)

END.
